[     411ms] [LOG] Deprecated as of 10.6.0. initHighlighting() is deprecated.  Use highlightAll() instead. @ http://courier.cx:8003/assets/frappe/dist/js/frappe-web.bundle.LTI753DC.js:22421
[    3176ms] [ERROR] Failed to load resource: the server responded with a status of 401 (UNAUTHORIZED) @ http://courier.cx:8003/login:0
[    3178ms] [ERROR] Traceback (most recent call last):
  File "apps/frappe/frappe/app.py", line 105, in application
    init_request(request)
    ~~~~~~~~~~~~^^^^^^^^^
  File "apps/frappe/frappe/app.py", line 200, in init_request
    frappe.local.http_request = HTTPRequest()
                                ~~~~~~~~~~~^^
  File "apps/frappe/frappe/auth.py", line 44, in __init__
    self.set_session()
    ~~~~~~~~~~~~~~~~^^
  File "apps/frappe/frappe/auth.py", line 81, in set_session
    frappe.local.login_manager = LoginManager()
                                 ~~~~~~~~~~~~^^
  File "apps/frappe/frappe/auth.py", line 114, in __init__
    if self.login() is False:
       ~~~~~~~~~~^^
  File "apps/frappe/frappe/auth.py", line 136, in login
    self.authenticate(user=user, pwd=pwd)
    ~~~~~~~~~~~~~~~~~^^^^^^^^^^^^^^^^^^^^
  File "apps/frappe/frappe/auth.py", line 271, in authenticate
    self.fail("Invalid login credentials", user=user.name)
    ~~~~~~~~~^^^^^^^^^^^^^^^^^^^^^^^^^^^^^^^^^^^^^^^^^^^^^
  File "apps/frappe/frappe/auth.py", line 316, in fail
    raise frappe.AuthenticationError
frappe.exceptions.AuthenticationError
 @ http://courier.cx:8003/assets/frappe/dist/js/frappe-web.bundle.LTI753DC.js:36051
